(2022-09-23 03:08:36) [ERROR] - TypeError: Cannot read properties of undefined (reading 'name')
    at Client.<anonymous> (./tc-bot.js:130:80)
    at Client.emit (node:events:513:28)
    at MessageCreateAction.handle (./node_modules/discord.js/src/client/actions/MessageCreate.js:31:14)
    at module.exports [as MESSAGE_CREATE] (./node_modules/discord.js/src/client/websocket/handlers/MESSAGE_CREATE.js:4:32)
    at WebSocketManager.handlePacket (./node_modules/discord.js/src/client/websocket/WebSocketManager.js:384:31)
    at WebSocketShard.onPacket (./node_modules/discord.js/src/client/websocket/WebSocketShard.js:444:22)
    at WebSocketShard.onMessage (./node_modules/discord.js/src/client/websocket/WebSocketShard.js:301:10)
    at WebSocket.onMessage (./node_modules/ws/lib/event-target.js:132:16)
    at WebSocket.emit (node:events:513:28)
    at Receiver.receiverOnMessage (./node_modules/ws/lib/websocket.js:970:20)
(2022-09-23 15:58:09) [ERROR] - TypeError: Cannot read properties of undefined (reading 'name')
    at Client.<anonymous> (./tc-bot.js:130:80)
    at Client.emit (node:events:513:28)
    at MessageCreateAction.handle (./node_modules/discord.js/src/client/actions/MessageCreate.js:31:14)
    at module.exports [as MESSAGE_CREATE] (./node_modules/discord.js/src/client/websocket/handlers/MESSAGE_CREATE.js:4:32)
    at WebSocketManager.handlePacket (./node_modules/discord.js/src/client/websocket/WebSocketManager.js:384:31)
    at WebSocketShard.onPacket (./node_modules/discord.js/src/client/websocket/WebSocketShard.js:444:22)
    at WebSocketShard.onMessage (./node_modules/discord.js/src/client/websocket/WebSocketShard.js:301:10)
    at WebSocket.onMessage (./node_modules/ws/lib/event-target.js:132:16)
    at WebSocket.emit (node:events:513:28)
    at Receiver.receiverOnMessage (./node_modules/ws/lib/websocket.js:970:20)
(2022-09-23 18:52:25) [ERROR] - Cannot read properties of undefined (reading 'match')
(2022-09-25 05:40:40) [ERROR] - TypeError: Cannot read properties of undefined (reading 'name')
    at Client.<anonymous> (./tc-bot.js:130:80)
    at Client.emit (node:events:513:28)
    at MessageCreateAction.handle (./node_modules/discord.js/src/client/actions/MessageCreate.js:31:14)
    at module.exports [as MESSAGE_CREATE] (./node_modules/discord.js/src/client/websocket/handlers/MESSAGE_CREATE.js:4:32)
    at WebSocketManager.handlePacket (./node_modules/discord.js/src/client/websocket/WebSocketManager.js:384:31)
    at WebSocketShard.onPacket (./node_modules/discord.js/src/client/websocket/WebSocketShard.js:444:22)
    at WebSocketShard.onMessage (./node_modules/discord.js/src/client/websocket/WebSocketShard.js:301:10)
    at WebSocket.onMessage (./node_modules/ws/lib/event-target.js:132:16)
    at WebSocket.emit (node:events:513:28)
    at Receiver.receiverOnMessage (./node_modules/ws/lib/websocket.js:970:20)
(2022-09-27 05:06:50) [ERROR] - TypeError: Cannot read properties of undefined (reading 'name')
    at Client.<anonymous> (./tc-bot.js:130:80)
    at Client.emit (node:events:513:28)
    at MessageCreateAction.handle (./node_modules/discord.js/src/client/actions/MessageCreate.js:31:14)
    at module.exports [as MESSAGE_CREATE] (./node_modules/discord.js/src/client/websocket/handlers/MESSAGE_CREATE.js:4:32)
    at WebSocketManager.handlePacket (./node_modules/discord.js/src/client/websocket/WebSocketManager.js:384:31)
    at WebSocketShard.onPacket (./node_modules/discord.js/src/client/websocket/WebSocketShard.js:444:22)
    at WebSocketShard.onMessage (./node_modules/discord.js/src/client/websocket/WebSocketShard.js:301:10)
    at WebSocket.onMessage (./node_modules/ws/lib/event-target.js:132:16)
    at WebSocket.emit (node:events:513:28)
    at Receiver.receiverOnMessage (./node_modules/ws/lib/websocket.js:970:20)
(2022-10-07 01:53:34) [ERROR] - TypeError: Cannot read properties of undefined (reading 'cache')
    at MessageCreateAction.handle (./node_modules/discord.js/src/client/actions/MessageCreate.js:11:41)
    at module.exports [as MESSAGE_CREATE] (./node_modules/discord.js/src/client/websocket/handlers/MESSAGE_CREATE.js:4:32)
    at WebSocketManager.handlePacket (./node_modules/discord.js/src/client/websocket/WebSocketManager.js:384:31)
    at WebSocketShard.onPacket (./node_modules/discord.js/src/client/websocket/WebSocketShard.js:444:22)
    at WebSocketShard.onMessage (./node_modules/discord.js/src/client/websocket/WebSocketShard.js:301:10)
    at WebSocket.onMessage (./node_modules/ws/lib/event-target.js:132:16)
    at WebSocket.emit (node:events:513:28)
    at Receiver.receiverOnMessage (./node_modules/ws/lib/websocket.js:970:20)
    at Receiver.emit (node:events:513:28)
    at Receiver.dataMessage (./node_modules/ws/lib/receiver.js:517:14)
(2022-10-07 01:53:41) [ERROR] - TypeError: Cannot read properties of undefined (reading 'cache')
    at MessageDeleteAction.getPayload (./node_modules/discord.js/src/client/actions/Action.js:27:30)
    at MessageDeleteAction.getMessage (./node_modules/discord.js/src/client/actions/Action.js:55:12)
    at MessageDeleteAction.handle (./node_modules/discord.js/src/client/actions/MessageDelete.js:12:22)
    at module.exports [as MESSAGE_DELETE] (./node_modules/discord.js/src/client/websocket/handlers/MESSAGE_DELETE.js:4:32)
    at WebSocketManager.handlePacket (./node_modules/discord.js/src/client/websocket/WebSocketManager.js:384:31)
    at WebSocketShard.onPacket (./node_modules/discord.js/src/client/websocket/WebSocketShard.js:444:22)
    at WebSocketShard.onMessage (./node_modules/discord.js/src/client/websocket/WebSocketShard.js:301:10)
    at WebSocket.onMessage (./node_modules/ws/lib/event-target.js:132:16)
    at WebSocket.emit (node:events:513:28)
    at Receiver.receiverOnMessage (./node_modules/ws/lib/websocket.js:970:20)
(2022-10-07 01:57:28) [ERROR] - TypeError: Cannot read properties of undefined (reading 'cache')
    at MessageCreateAction.handle (./node_modules/discord.js/src/client/actions/MessageCreate.js:11:41)
    at module.exports [as MESSAGE_CREATE] (./node_modules/discord.js/src/client/websocket/handlers/MESSAGE_CREATE.js:4:32)
    at WebSocketManager.handlePacket (./node_modules/discord.js/src/client/websocket/WebSocketManager.js:384:31)
    at WebSocketShard.onPacket (./node_modules/discord.js/src/client/websocket/WebSocketShard.js:444:22)
    at WebSocketShard.onMessage (./node_modules/discord.js/src/client/websocket/WebSocketShard.js:301:10)
    at WebSocket.onMessage (./node_modules/ws/lib/event-target.js:132:16)
    at WebSocket.emit (node:events:513:28)
    at Receiver.receiverOnMessage (./node_modules/ws/lib/websocket.js:970:20)
    at Receiver.emit (node:events:513:28)
    at Receiver.dataMessage (./node_modules/ws/lib/receiver.js:517:14)
(2022-10-07 01:57:35) [ERROR] - TypeError: Cannot read properties of undefined (reading 'cache')
    at MessageDeleteAction.getPayload (./node_modules/discord.js/src/client/actions/Action.js:27:30)
    at MessageDeleteAction.getMessage (./node_modules/discord.js/src/client/actions/Action.js:55:12)
    at MessageDeleteAction.handle (./node_modules/discord.js/src/client/actions/MessageDelete.js:12:22)
    at module.exports [as MESSAGE_DELETE] (./node_modules/discord.js/src/client/websocket/handlers/MESSAGE_DELETE.js:4:32)
    at WebSocketManager.handlePacket (./node_modules/discord.js/src/client/websocket/WebSocketManager.js:384:31)
    at WebSocketShard.onPacket (./node_modules/discord.js/src/client/websocket/WebSocketShard.js:444:22)
    at WebSocketShard.onMessage (./node_modules/discord.js/src/client/websocket/WebSocketShard.js:301:10)
    at WebSocket.onMessage (./node_modules/ws/lib/event-target.js:132:16)
    at WebSocket.emit (node:events:513:28)
    at Receiver.receiverOnMessage (./node_modules/ws/lib/websocket.js:970:20)
